android/build/outputs/logs/manifest-merger-debug-report.txt
-- Merging decision tree log ---
manifest
ADDED from flappy-dragon-android\android\AndroidManifest.xml:2:1-34:12
INJECTED from flappy-dragon-android\android\AndroidManifest.xml:2:1-34:12
INJECTED from flappy-dragon-android\android\AndroidManifest.xml:2:1-34:12
INJECTED from flappy-dragon-android\android\AndroidManifest.xml:2:1-34:12
MERGED from [com.android.support:appcompat-v7:26.1.0] AndroidManifest.xml:17:1-31:12
MERGED from [com.android.support.constraint:constraint-layout:1.1.0] AndroidManifest.xml:2:1-11:12
MERGED from [com.android.support:animated-vector-drawable:26.1.0] AndroidManifest.xml:17:1-28:12
MERGED from [com.android.support:support-vector-drawable:26.1.0] AndroidManifest.xml:17:1-28:12
MERGED from [com.android.support:support-v4:26.1.0] AndroidManifest.xml:17:1-31:12
MERGED from [com.android.support:support-media-compat:26.1.0] AndroidManifest.xml:17:1-31:12
MERGED from [com.android.support:support-fragment:26.1.0] AndroidManifest.xml:17:1-31:12
MERGED from [com.android.support:support-core-utils:26.1.0] AndroidManifest.xml:17:1-31:12
MERGED from [com.android.support:support-core-ui:26.1.0] AndroidManifest.xml:17:1-31:12
MERGED from [com.android.support:support-compat:26.1.0] AndroidManifest.xml:17:1-31:12
MERGED from [android.arch.lifecycle:runtime:1.0.0] AndroidManifest.xml:17:1-30:12
INJECTED from flappy-dragon-android\android\AndroidManifest.xml:2:1-34:12
INJECTED from flappy-dragon-android\android\AndroidManifest.xml:2:1-34:12
INJECTED from flappy-dragon-android\android\AndroidManifest.xml:2:1-34:12
	package
		ADDED from flappy-dragon-android\android\AndroidManifest.xml:4:5-39
		INJECTED from flappy-dragon-android\android\AndroidManifest.xml
		INJECTED from flappy-dragon-android\android\AndroidManifest.xml
	android:versionName
		INJECTED from flappy-dragon-android\android\AndroidManifest.xml
		ADDED from flappy-dragon-android\android\AndroidManifest.xml:2:1-34:12
		INJECTED from flappy-dragon-android\android\AndroidManifest.xml
	xmlns:tools
		ADDED from flappy-dragon-android\android\AndroidManifest.xml:3:5-51
	android:versionCode
		INJECTED from flappy-dragon-android\android\AndroidManifest.xml
		ADDED from flappy-dragon-android\android\AndroidManifest.xml:2:1-34:12
		INJECTED from flappy-dragon-android\android\AndroidManifest.xml
	xmlns:android
		ADDED from flappy-dragon-android\android\AndroidManifest.xml:2:11-69
uses-sdk
ADDED from flappy-dragon-android\android\AndroidManifest.xml:6:5-8:41
INJECTED from flappy-dragon-android\android\AndroidManifest.xml:6:5-8:41
INJECTED from flappy-dragon-android\android\AndroidManifest.xml:6:5-8:41
MERGED from [com.android.support:appcompat-v7:26.1.0] AndroidManifest.xml:21:5-23:78
MERGED from [com.android.support:appcompat-v7:26.1.0] AndroidManifest.xml:21:5-23:78
MERGED from [com.android.support.constraint:constraint-layout:1.1.0] AndroidManifest.xml:5:5-7:41
MERGED from [com.android.support.constraint:constraint-layout:1.1.0] AndroidManifest.xml:5:5-7:41
MERGED from [com.android.support:animated-vector-drawable:26.1.0] AndroidManifest.xml:20:5-44
MERGED from [com.android.support:animated-vector-drawable:26.1.0] AndroidManifest.xml:20:5-44
MERGED from [com.android.support:support-vector-drawable:26.1.0] AndroidManifest.xml:20:5-44
MERGED from [com.android.support:support-vector-drawable:26.1.0] AndroidManifest.xml:20:5-44
MERGED from [com.android.support:support-v4:26.1.0] AndroidManifest.xml:21:5-23:54
MERGED from [com.android.support:support-v4:26.1.0] AndroidManifest.xml:21:5-23:54
MERGED from [com.android.support:support-media-compat:26.1.0] AndroidManifest.xml:21:5-23:63
MERGED from [com.android.support:support-media-compat:26.1.0] AndroidManifest.xml:21:5-23:63
MERGED from [com.android.support:support-fragment:26.1.0] AndroidManifest.xml:21:5-23:60
MERGED from [com.android.support:support-fragment:26.1.0] AndroidManifest.xml:21:5-23:60
MERGED from [com.android.support:support-core-utils:26.1.0] AndroidManifest.xml:21:5-23:61
MERGED from [com.android.support:support-core-utils:26.1.0] AndroidManifest.xml:21:5-23:61
MERGED from [com.android.support:support-core-ui:26.1.0] AndroidManifest.xml:21:5-23:58
MERGED from [com.android.support:support-core-ui:26.1.0] AndroidManifest.xml:21:5-23:58
MERGED from [com.android.support:support-compat:26.1.0] AndroidManifest.xml:21:5-23:58
MERGED from [com.android.support:support-compat:26.1.0] AndroidManifest.xml:21:5-23:58
MERGED from [android.arch.lifecycle:runtime:1.0.0] AndroidManifest.xml:20:5-22:41
MERGED from [android.arch.lifecycle:runtime:1.0.0] AndroidManifest.xml:20:5-22:41
INJECTED from flappy-dragon-android\android\AndroidManifest.xml:6:5-8:41
INJECTED from flappy-dragon-android\android\AndroidManifest.xml:6:5-8:41
	tools:overrideLibrary
		ADDED from [com.android.support:appcompat-v7:26.1.0] AndroidManifest.xml:23:9-75
	android:targetSdkVersion
		ADDED from flappy-dragon-android\android\AndroidManifest.xml:8:9-38
		INJECTED from flappy-dragon-android\android\AndroidManifest.xml
		INJECTED from flappy-dragon-android\android\AndroidManifest.xml
	android:minSdkVersion
		ADDED from flappy-dragon-android\android\AndroidManifest.xml:7:9-34
		INJECTED from flappy-dragon-android\android\AndroidManifest.xml
		INJECTED from flappy-dragon-android\android\AndroidManifest.xml
uses-permission#android.permission.WRITE_EXTERNAL_STORAGE
ADDED from flappy-dragon-android\android\AndroidManifest.xml:10:5-81
	android:name
		ADDED from flappy-dragon-android\android\AndroidManifest.xml:10:22-78
uses-permission#android.permission.READ_PHONE_STATE
ADDED from flappy-dragon-android\android\AndroidManifest.xml:11:5-75
	android:name
		ADDED from flappy-dragon-android\android\AndroidManifest.xml:11:22-72
uses-permission#android.permission.READ_EXTERNAL_STORAGE
ADDED from flappy-dragon-android\android\AndroidManifest.xml:12:5-80
	android:name
		ADDED from flappy-dragon-android\android\AndroidManifest.xml:12:22-77
uses-permission#android.permission.INTERNET
ADDED from flappy-dragon-android\android\AndroidManifest.xml:13:5-69
	android:name
		ADDED from flappy-dragon-android\android\AndroidManifest.xml:13:22-66
application
ADDED from flappy-dragon-android\android\AndroidManifest.xml:15:5-33:19
MERGED from [com.android.support:appcompat-v7:26.1.0] AndroidManifest.xml:25:5-29:19
MERGED from [com.android.support:appcompat-v7:26.1.0] AndroidManifest.xml:25:5-29:19
MERGED from [com.android.support.constraint:constraint-layout:1.1.0] AndroidManifest.xml:9:5-20
MERGED from [com.android.support.constraint:constraint-layout:1.1.0] AndroidManifest.xml:9:5-20
MERGED from [com.android.support:animated-vector-drawable:26.1.0] AndroidManifest.xml:22:5-26:19
MERGED from [com.android.support:animated-vector-drawable:26.1.0] AndroidManifest.xml:22:5-26:19
MERGED from [com.android.support:support-vector-drawable:26.1.0] AndroidManifest.xml:22:5-26:19
MERGED from [com.android.support:support-vector-drawable:26.1.0] AndroidManifest.xml:22:5-26:19
MERGED from [com.android.support:support-v4:26.1.0] AndroidManifest.xml:25:5-29:19
MERGED from [com.android.support:support-v4:26.1.0] AndroidManifest.xml:25:5-29:19
MERGED from [com.android.support:support-media-compat:26.1.0] AndroidManifest.xml:25:5-29:19
MERGED from [com.android.support:support-media-compat:26.1.0] AndroidManifest.xml:25:5-29:19
MERGED from [com.android.support:support-fragment:26.1.0] AndroidManifest.xml:25:5-29:19
MERGED from [com.android.support:support-fragment:26.1.0] AndroidManifest.xml:25:5-29:19
MERGED from [com.android.support:support-core-utils:26.1.0] AndroidManifest.xml:25:5-29:19
MERGED from [com.android.support:support-core-utils:26.1.0] AndroidManifest.xml:25:5-29:19
MERGED from [com.android.support:support-core-ui:26.1.0] AndroidManifest.xml:25:5-29:19
MERGED from [com.android.support:support-core-ui:26.1.0] AndroidManifest.xml:25:5-29:19
MERGED from [com.android.support:support-compat:26.1.0] AndroidManifest.xml:25:5-29:19
MERGED from [com.android.support:support-compat:26.1.0] AndroidManifest.xml:25:5-29:19
MERGED from [android.arch.lifecycle:runtime:1.0.0] AndroidManifest.xml:24:5-28:19
MERGED from [android.arch.lifecycle:runtime:1.0.0] AndroidManifest.xml:24:5-28:19
	android:label
		ADDED from flappy-dragon-android\android\AndroidManifest.xml:19:9-41
	android:icon
		ADDED from flappy-dragon-android\android\AndroidManifest.xml:18:9-45
	android:allowBackup
		ADDED from flappy-dragon-android\android\AndroidManifest.xml:17:9-35
	android:theme
		ADDED from flappy-dragon-android\android\AndroidManifest.xml:20:9-40
activity#com.android.flappydragon.AndroidLauncher
ADDED from flappy-dragon-android\android\AndroidManifest.xml:22:9-32:20
	android:screenOrientation
		ADDED from flappy-dragon-android\android\AndroidManifest.xml:26:13-49
	android:label
		ADDED from flappy-dragon-android\android\AndroidManifest.xml:25:13-45
	android:configChanges
		ADDED from flappy-dragon-android\android\AndroidManifest.xml:24:13-94
	android:name
		ADDED from flappy-dragon-android\android\AndroidManifest.xml:23:13-44
intent-filter#android.intent.action.MAIN+android.intent.category.LAUNCHER
ADDED from flappy-dragon-android\android\AndroidManifest.xml:27:13-31:29
action#android.intent.action.MAIN
ADDED from flappy-dragon-android\android\AndroidManifest.xml:28:17-69
	android:name
		ADDED from flappy-dragon-android\android\AndroidManifest.xml:28:25-66
category#android.intent.category.LAUNCHER
ADDED from flappy-dragon-android\android\AndroidManifest.xml:30:17-77
	android:name
		ADDED from flappy-dragon-android\android\AndroidManifest.xml:30:27-74
meta-data#android.support.VERSION
ADDED from [com.android.support:appcompat-v7:26.1.0] AndroidManifest.xml:26:9-28:38
MERGED from [com.android.support:animated-vector-drawable:26.1.0] AndroidManifest.xml:23:9-25:38
MERGED from [com.android.support:animated-vector-drawable:26.1.0] AndroidManifest.xml:23:9-25:38
MERGED from [com.android.support:support-vector-drawable:26.1.0] AndroidManifest.xml:23:9-25:38
MERGED from [com.android.support:support-vector-drawable:26.1.0] AndroidManifest.xml:23:9-25:38
MERGED from [com.android.support:support-v4:26.1.0] AndroidManifest.xml:26:9-28:38
MERGED from [com.android.support:support-v4:26.1.0] AndroidManifest.xml:26:9-28:38
MERGED from [com.android.support:support-media-compat:26.1.0] AndroidManifest.xml:26:9-28:38
MERGED from [com.android.support:support-media-compat:26.1.0] AndroidManifest.xml:26:9-28:38
MERGED from [com.android.support:support-fragment:26.1.0] AndroidManifest.xml:26:9-28:38
MERGED from [com.android.support:support-fragment:26.1.0] AndroidManifest.xml:26:9-28:38
MERGED from [com.android.support:support-core-utils:26.1.0] AndroidManifest.xml:26:9-28:38
MERGED from [com.android.support:support-core-utils:26.1.0] AndroidManifest.xml:26:9-28:38
MERGED from [com.android.support:support-core-ui:26.1.0] AndroidManifest.xml:26:9-28:38
MERGED from [com.android.support:support-core-ui:26.1.0] AndroidManifest.xml:26:9-28:38
MERGED from [com.android.support:support-compat:26.1.0] AndroidManifest.xml:26:9-28:38
MERGED from [com.android.support:support-compat:26.1.0] AndroidManifest.xml:26:9-28:38
	android:value
		ADDED from [com.android.support:appcompat-v7:26.1.0] AndroidManifest.xml:28:13-35
	android:name
		ADDED from [com.android.support:appcompat-v7:26.1.0] AndroidManifest.xml:27:13-51
meta-data#android.arch.lifecycle.VERSION
ADDED from [android.arch.lifecycle:runtime:1.0.0] AndroidManifest.xml:25:9-27:47
	android:value
		ADDED from [android.arch.lifecycle:runtime:1.0.0] AndroidManifest.xml:27:13-44
	android:name
		ADDED from [android.arch.lifecycle:runtime:1.0.0] AndroidManifest.xml:26:13-58